<?xml version="1.0" encoding="UTF-8"?>
<!-- Generated by org.testng.reporters.JUnitReportReporter -->
<testsuite skipped="0" hostname="LAPTOP-B4IESNV0" name="Signin.login" tests="4" failures="0" timestamp="30 Mar 2019 18:37:20 GMT" time="51.960" errors="0">
  <testcase name="signInPassword" time="14.386" classname="Signin.login"/>
  <testcase name="signInLink" time="11.982" classname="Signin.login"/>
  <testcase name="signInUserName" time="13.519" classname="Signin.login"/>
  <testcase name="signInSubmit" time="12.073" classname="Signin.login"/>
</testsuite> <!-- Signin.login -->
