<?xml version="1.0" encoding="UTF-8"?>
<!-- Generated by org.testng.reporters.JUnitReportReporter -->
<testsuite skipped="0" hostname="LAPTOP-B4IESNV0" name="Search.Searchbar" tests="6" failures="0" timestamp="30 Mar 2019 18:37:20 GMT" time="78.722" errors="0">
  <testcase name="searchButton" time="11.953" classname="Search.Searchbar"/>
  <testcase name="searchBar" time="12.428" classname="Search.Searchbar"/>
  <testcase name="searchRadio" time="12.154" classname="Search.Searchbar"/>
  <testcase name="searchWeather" time="13.457" classname="Search.Searchbar"/>
  <testcase name="searchBusiness" time="12.337" classname="Search.Searchbar"/>
  <testcase name="testSearchItemsSql" time="16.393" classname="Search.Searchbar"/>
</testsuite> <!-- Search.Searchbar -->
