<?xml version="1.0" encoding="UTF-8"?>
<!-- Generated by org.testng.reporters.JUnitReportReporter -->
<testsuite skipped="33" hostname="LAPTOP-B4IESNV0" name="Homepage.Mainpage" tests="35" failures="0" timestamp="27 Mar 2019 18:56:15 GMT" time="28.088" errors="2">
  <testcase name="contact" time="18.903" classname="Homepage.Mainpage">
    <skipped/>
  </testcase> <!-- contact -->
  <testcase name="setUp" time="9.183" classname="Homepage.Mainpage">
    <error type="org.openqa.selenium.WebDriverException" message="chrome not reachable
  (Session info: chrome=73.0.3683.86)
  (Driver info: chromedriver=2.46.628402 (536cd7adbad73a3783fdc2cab92ab2ba7ec361e1),platform=Windows NT 10.0.17134 x86_64) (WARNING: The server did not provide any stacktrace information)
Command duration or timeout: 0 milliseconds
Build info: version: &#039;3.141.59&#039;, revision: &#039;e82be7d358&#039;, time: &#039;2018-11-14T08:17:03&#039;
System info: host: &#039;LAPTOP-B4IESNV0&#039;, ip: &#039;192.168.0.123&#039;, os.name: &#039;Windows 10&#039;, os.arch: &#039;amd64&#039;, os.version: &#039;10.0&#039;, java.version: &#039;1.8.0_201&#039;
Driver info: org.openqa.selenium.chrome.ChromeDriver
Capabilities {acceptInsecureCerts: false, acceptSslCerts: false, applicationCacheEnabled: false, browserConnectionEnabled: false, browserName: chrome, chrome: {chromedriverVersion: 2.46.628402 (536cd7adbad73a..., userDataDir: C:\Users\fazli\AppData\Loca...}, cssSelectorsEnabled: true, databaseEnabled: false, goog:chromeOptions: {debuggerAddress: localhost:52426}, handlesAlerts: true, hasTouchScreen: false, javascriptEnabled: true, locationContextEnabled: true, mobileEmulationEnabled: false, nativeEvents: true, networkConnectionEnabled: false, pageLoadStrategy: normal, platform: XP, platformName: XP, proxy: Proxy(), rotatable: false, setWindowRect: true, strictFileInteractability: false, takesHeapSnapshot: true, takesScreenshot: true, timeouts: {implicit: 0, pageLoad: 300000, script: 30000}, unexpectedAlertBehaviour: ignore, unhandledPromptBehavior: ignore, version: 73.0.3683.86, webStorageEnabled: true}
Session ID: c2fef2954aa4efe7b699f8602df0743a">
      <![CDATA[org.openqa.selenium.WebDriverException: chrome not reachable
  (Session info: chrome=73.0.3683.86)
  (Driver info: chromedriver=2.46.628402 (536cd7adbad73a3783fdc2cab92ab2ba7ec361e1),platform=Windows NT 10.0.17134 x86_64) (WARNING: The server did not provide any stacktrace information)
Command duration or timeout: 0 milliseconds
Build info: version: '3.141.59', revision: 'e82be7d358', time: '2018-11-14T08:17:03'
System info: host: 'LAPTOP-B4IESNV0', ip: '192.168.0.123', os.name: 'Windows 10', os.arch: 'amd64', os.version: '10.0', java.version: '1.8.0_201'
Driver info: org.openqa.selenium.chrome.ChromeDriver
Capabilities {acceptInsecureCerts: false, acceptSslCerts: false, applicationCacheEnabled: false, browserConnectionEnabled: false, browserName: chrome, chrome: {chromedriverVersion: 2.46.628402 (536cd7adbad73a..., userDataDir: C:\Users\fazli\AppData\Loca...}, cssSelectorsEnabled: true, databaseEnabled: false, goog:chromeOptions: {debuggerAddress: localhost:52426}, handlesAlerts: true, hasTouchScreen: false, javascriptEnabled: true, locationContextEnabled: true, mobileEmulationEnabled: false, nativeEvents: true, networkConnectionEnabled: false, pageLoadStrategy: normal, platform: XP, platformName: XP, proxy: Proxy(), rotatable: false, setWindowRect: true, strictFileInteractability: false, takesHeapSnapshot: true, takesScreenshot: true, timeouts: {implicit: 0, pageLoad: 300000, script: 30000}, unexpectedAlertBehaviour: ignore, unhandledPromptBehavior: ignore, version: 73.0.3683.86, webStorageEnabled: true}
Session ID: c2fef2954aa4efe7b699f8602df0743a
at sun.reflect.NativeConstructorAccessorImpl.newInstance0(Native Method)
at sun.reflect.NativeConstructorAccessorImpl.newInstance(NativeConstructorAccessorImpl.java:62)
at sun.reflect.DelegatingConstructorAccessorImpl.newInstance(DelegatingConstructorAccessorImpl.java:45)
at java.lang.reflect.Constructor.newInstance(Constructor.java:423)
at org.openqa.selenium.remote.ErrorHandler.createThrowable(ErrorHandler.java:214)
at org.openqa.selenium.remote.ErrorHandler.throwIfResponseFailed(ErrorHandler.java:166)
at org.openqa.selenium.remote.http.JsonHttpResponseCodec.reconstructValue(JsonHttpResponseCodec.java:40)
at org.openqa.selenium.remote.http.AbstractHttpResponseCodec.decode(AbstractHttpResponseCodec.java:80)
at org.openqa.selenium.remote.http.AbstractHttpResponseCodec.decode(AbstractHttpResponseCodec.java:44)
at org.openqa.selenium.remote.HttpCommandExecutor.execute(HttpCommandExecutor.java:158)
at org.openqa.selenium.remote.service.DriverCommandExecutor.execute(DriverCommandExecutor.java:83)
at org.openqa.selenium.remote.RemoteWebDriver.execute(RemoteWebDriver.java:552)
at org.openqa.selenium.remote.RemoteWebDriver.execute(RemoteWebDriver.java:609)
at org.openqa.selenium.remote.RemoteWebDriver$RemoteWebDriverOptions$RemoteWindow.maximize(RemoteWebDriver.java:837)
at base.CommonAPI.setUp(CommonAPI.java:21)
at sun.reflect.NativeMethodAccessorImpl.invoke0(Native Method)
at sun.reflect.NativeMethodAccessorImpl.invoke(NativeMethodAccessorImpl.java:62)
at sun.reflect.DelegatingMethodAccessorImpl.invoke(DelegatingMethodAccessorImpl.java:43)
at java.lang.reflect.Method.invoke(Method.java:498)
at org.testng.internal.MethodInvocationHelper.invokeMethod(MethodInvocationHelper.java:124)
at org.testng.internal.MethodInvocationHelper.invokeMethodConsideringTimeout(MethodInvocationHelper.java:59)
at org.testng.internal.Invoker.invokeConfigurationMethod(Invoker.java:458)
at org.testng.internal.Invoker.invokeConfigurations(Invoker.java:222)
at org.testng.internal.Invoker.invokeMethod(Invoker.java:523)
at org.testng.internal.Invoker.invokeTestMethod(Invoker.java:719)
at org.testng.internal.Invoker.invokeTestMethods(Invoker.java:989)
at org.testng.internal.TestMethodWorker.invokeTestMethods(TestMethodWorker.java:125)
at org.testng.internal.TestMethodWorker.run(TestMethodWorker.java:109)
at org.testng.TestRunner.privateRun(TestRunner.java:648)
at org.testng.TestRunner.run(TestRunner.java:505)
at org.testng.SuiteRunner.runTest(SuiteRunner.java:455)
at org.testng.SuiteRunner.runSequentially(SuiteRunner.java:450)
at org.testng.SuiteRunner.privateRun(SuiteRunner.java:415)
at org.testng.SuiteRunner.run(SuiteRunner.java:364)
at org.testng.SuiteRunnerWorker.runSuite(SuiteRunnerWorker.java:52)
at org.testng.SuiteRunnerWorker.run(SuiteRunnerWorker.java:84)
at org.testng.TestNG.runSuitesSequentially(TestNG.java:1208)
at org.testng.TestNG.runSuitesLocally(TestNG.java:1137)
at org.testng.TestNG.runSuites(TestNG.java:1049)
at org.testng.TestNG.run(TestNG.java:1017)
at org.apache.maven.surefire.testng.TestNGExecutor.run(TestNGExecutor.java:283)
at org.apache.maven.surefire.testng.TestNGXmlTestSuite.execute(TestNGXmlTestSuite.java:75)
at org.apache.maven.surefire.testng.TestNGProvider.invoke(TestNGProvider.java:120)
at org.apache.maven.surefire.booter.ForkedBooter.invokeProviderInSameClassLoader(ForkedBooter.java:384)
at org.apache.maven.surefire.booter.ForkedBooter.runSuitesInProcess(ForkedBooter.java:345)
at org.apache.maven.surefire.booter.ForkedBooter.execute(ForkedBooter.java:126)
at org.apache.maven.surefire.booter.ForkedBooter.main(ForkedBooter.java:418)
]]>
    </error>
  </testcase> <!-- setUp -->
  <testcase name="culture" time="0.000" classname="Homepage.Mainpage">
    <skipped/>
  </testcase> <!-- culture -->
  <testcase name="sportsCricket" time="0.000" classname="Homepage.Mainpage">
    <skipped/>
  </testcase> <!-- sportsCricket -->
  <testcase name="nature" time="0.000" classname="Homepage.Mainpage">
    <skipped/>
  </testcase> <!-- nature -->
  <testcase name="latestBusinessNews" time="0.000" classname="Homepage.Mainpage">
    <skipped/>
  </testcase> <!-- latestBusinessNews -->
  <testcase name="capital" time="0.000" classname="Homepage.Mainpage">
    <skipped/>
  </testcase> <!-- capital -->
  <testcase name="trustBBCNews" time="0.000" classname="Homepage.Mainpage">
    <skipped/>
  </testcase> <!-- trustBBCNews -->
  <testcase name="sports" time="0.000" classname="Homepage.Mainpage">
    <skipped/>
  </testcase> <!-- sports -->
  <testcase name="chicagoWeather" time="0.000" classname="Homepage.Mainpage">
    <skipped/>
  </testcase> <!-- chicagoWeather -->
  <testcase name="techNews" time="0.000" classname="Homepage.Mainpage">
    <skipped/>
  </testcase> <!-- techNews -->
  <testcase name="arabicLanguage" time="0.000" classname="Homepage.Mainpage">
    <skipped/>
  </testcase> <!-- arabicLanguage -->
  <testcase name="businessNews" time="0.000" classname="Homepage.Mainpage">
    <skipped/>
  </testcase> <!-- businessNews -->
  <testcase name="shop" time="0.000" classname="Homepage.Mainpage">
    <skipped/>
  </testcase> <!-- shop -->
  <testcase name="bbcTechFacebook" time="0.000" classname="Homepage.Mainpage">
    <skipped/>
  </testcase> <!-- bbcTechFacebook -->
  <testcase name="twitterLink" time="0.000" classname="Homepage.Mainpage">
    <skipped/>
  </testcase> <!-- twitterLink -->
  <testcase name="travel" time="0.000" classname="Homepage.Mainpage">
    <skipped/>
  </testcase> <!-- travel -->
  <testcase name="bbcTechTwitter" time="0.000" classname="Homepage.Mainpage">
    <skipped/>
  </testcase> <!-- bbcTechTwitter -->
  <testcase name="makeItDigital" time="0.000" classname="Homepage.Mainpage">
    <skipped/>
  </testcase> <!-- makeItDigital -->
  <testcase name="mobileApp" time="0.000" classname="Homepage.Mainpage">
    <skipped/>
  </testcase> <!-- mobileApp -->
  <testcase name="persianLanguage" time="0.000" classname="Homepage.Mainpage">
    <skipped/>
  </testcase> <!-- persianLanguage -->
  <testcase name="title" time="0.000" classname="Homepage.Mainpage">
    <skipped/>
  </testcase> <!-- title -->
  <testcase name="localWeather" time="0.000" classname="Homepage.Mainpage">
    <skipped/>
  </testcase> <!-- localWeather -->
  <testcase name="tv" time="0.000" classname="Homepage.Mainpage">
    <skipped/>
  </testcase> <!-- tv -->
  <testcase name="reel" time="0.000" classname="Homepage.Mainpage">
    <skipped/>
  </testcase> <!-- reel -->
  <testcase name="about" time="0.002" classname="Homepage.Mainpage">
    <error type="java.lang.IncompatibleClassChangeError" message="Expected static field Homepage.Mainpage.driver">
      <![CDATA[java.lang.IncompatibleClassChangeError: Expected static field Homepage.Mainpage.driver
at Homepage.Mainpage.about(Mainpage.java:107)
at sun.reflect.NativeMethodAccessorImpl.invoke0(Native Method)
at sun.reflect.NativeMethodAccessorImpl.invoke(NativeMethodAccessorImpl.java:62)
at sun.reflect.DelegatingMethodAccessorImpl.invoke(DelegatingMethodAccessorImpl.java:43)
at java.lang.reflect.Method.invoke(Method.java:498)
at org.testng.internal.MethodInvocationHelper.invokeMethod(MethodInvocationHelper.java:124)
at org.testng.internal.Invoker.invokeMethod(Invoker.java:583)
at org.testng.internal.Invoker.invokeTestMethod(Invoker.java:719)
at org.testng.internal.Invoker.invokeTestMethods(Invoker.java:989)
at org.testng.internal.TestMethodWorker.invokeTestMethods(TestMethodWorker.java:125)
at org.testng.internal.TestMethodWorker.run(TestMethodWorker.java:109)
at org.testng.TestRunner.privateRun(TestRunner.java:648)
at org.testng.TestRunner.run(TestRunner.java:505)
at org.testng.SuiteRunner.runTest(SuiteRunner.java:455)
at org.testng.SuiteRunner.runSequentially(SuiteRunner.java:450)
at org.testng.SuiteRunner.privateRun(SuiteRunner.java:415)
at org.testng.SuiteRunner.run(SuiteRunner.java:364)
at org.testng.SuiteRunnerWorker.runSuite(SuiteRunnerWorker.java:52)
at org.testng.SuiteRunnerWorker.run(SuiteRunnerWorker.java:84)
at org.testng.TestNG.runSuitesSequentially(TestNG.java:1208)
at org.testng.TestNG.runSuitesLocally(TestNG.java:1137)
at org.testng.TestNG.runSuites(TestNG.java:1049)
at org.testng.TestNG.run(TestNG.java:1017)
at org.apache.maven.surefire.testng.TestNGExecutor.run(TestNGExecutor.java:283)
at org.apache.maven.surefire.testng.TestNGXmlTestSuite.execute(TestNGXmlTestSuite.java:75)
at org.apache.maven.surefire.testng.TestNGProvider.invoke(TestNGProvider.java:120)
at org.apache.maven.surefire.booter.ForkedBooter.invokeProviderInSameClassLoader(ForkedBooter.java:384)
at org.apache.maven.surefire.booter.ForkedBooter.runSuitesInProcess(ForkedBooter.java:345)
at org.apache.maven.surefire.booter.ForkedBooter.execute(ForkedBooter.java:126)
at org.apache.maven.surefire.booter.ForkedBooter.main(ForkedBooter.java:418)
]]>
    </error>
  </testcase> <!-- about -->
  <testcase name="food" time="0.000" classname="Homepage.Mainpage">
    <skipped/>
  </testcase> <!-- food -->
  <testcase name="future" time="0.000" classname="Homepage.Mainpage">
    <skipped/>
  </testcase> <!-- future -->
  <testcase name="japaneseLanguage" time="0.000" classname="Homepage.Mainpage">
    <skipped/>
  </testcase> <!-- japaneseLanguage -->
  <testcase name="scienceNews" time="0.000" classname="Homepage.Mainpage">
    <skipped/>
  </testcase> <!-- scienceNews -->
  <testcase name="weather" time="0.000" classname="Homepage.Mainpage">
    <skipped/>
  </testcase> <!-- weather -->
  <testcase name="news" time="0.000" classname="Homepage.Mainpage">
    <skipped/>
  </testcase> <!-- news -->
  <testcase name="newsAlertSignup" time="0.000" classname="Homepage.Mainpage">
    <skipped/>
  </testcase> <!-- newsAlertSignup -->
  <testcase name="usCanadaNews" time="0.000" classname="Homepage.Mainpage">
    <skipped/>
  </testcase> <!-- usCanadaNews -->
  <testcase name="faqs" time="0.000" classname="Homepage.Mainpage">
    <skipped/>
  </testcase> <!-- faqs -->
</testsuite> <!-- Homepage.Mainpage -->
